<?xml version="1.0" encoding="UTF-8"?>
<testng-results ignored="0" total="2" passed="2" failed="0" skipped="0">
  <reporter-output>
  </reporter-output>
  <suite started-at="2023-11-14T09:14:57 IST" name="Suite" finished-at="2023-11-14T09:15:17 IST" duration-ms="20224">
    <groups>
    </groups>
    <test started-at="2023-11-14T09:14:57 IST" name="loginTest" finished-at="2023-11-14T09:15:07 IST" duration-ms="9872">
      <class name="test1.TC0001_RegisterTest">
        <test-method is-config="true" signature="setdata()[pri:0, instance:test1.TC0001_RegisterTest@3cce5371]" started-at="2023-11-14T09:14:57 IST" name="setdata" finished-at="2023-11-14T09:14:57 IST" duration-ms="17" status="PASS">
          <reporter-output>
          </reporter-output>
        </test-method> <!-- setdata -->
        <test-method is-config="true" signature="browserlaunch(java.lang.String,java.lang.String)[pri:0, instance:test1.TC0001_RegisterTest@3cce5371]" started-at="2023-11-14T09:14:59 IST" name="browserlaunch" finished-at="2023-11-14T09:15:05 IST" duration-ms="6861" status="PASS">
          <params>
            <param index="0">
              <value>
                <![CDATA[https://www.demoblaze.com/]]>
              </value>
            </param>
            <param index="1">
              <value>
                <![CDATA[chrome]]>
              </value>
            </param>
          </params>
          <reporter-output>
          </reporter-output>
        </test-method> <!-- browserlaunch -->
        <test-method signature="Register(java.lang.String,java.lang.String)[pri:1, instance:test1.TC0001_RegisterTest@3cce5371]" started-at="2023-11-14T09:15:05 IST" name="Register" data-provider="getdata" finished-at="2023-11-14T09:15:06 IST" duration-ms="727" status="PASS">
          <params>
            <param index="0">
              <value>
                <![CDATA[Vignesh12349843245@gmail.com]]>
              </value>
            </param>
            <param index="1">
              <value>
                <![CDATA[Vignesh@123]]>
              </value>
            </param>
          </params>
          <reporter-output>
          </reporter-output>
        </test-method> <!-- Register -->
        <test-method is-config="true" signature="browserclose()[pri:0, instance:test1.TC0001_RegisterTest@3cce5371]" started-at="2023-11-14T09:15:06 IST" name="browserclose" finished-at="2023-11-14T09:15:07 IST" duration-ms="537" status="PASS">
          <reporter-output>
          </reporter-output>
        </test-method> <!-- browserclose -->
      </class> <!-- test1.TC0001_RegisterTest -->
    </test> <!-- loginTest -->
    <test started-at="2023-11-14T09:15:07 IST" name="LoginTest" finished-at="2023-11-14T09:15:17 IST" duration-ms="9941">
      <class name="test1.TC0002_LoginTest">
        <test-method is-config="true" signature="setdata()[pri:0, instance:test1.TC0002_LoginTest@5db6b9cd]" started-at="2023-11-14T09:15:07 IST" name="setdata" finished-at="2023-11-14T09:15:07 IST" duration-ms="1" status="PASS">
          <reporter-output>
          </reporter-output>
        </test-method> <!-- setdata -->
        <test-method is-config="true" signature="browserlaunch(java.lang.String,java.lang.String)[pri:0, instance:test1.TC0002_LoginTest@5db6b9cd]" started-at="2023-11-14T09:15:07 IST" name="browserlaunch" finished-at="2023-11-14T09:15:12 IST" duration-ms="4244" status="PASS">
          <params>
            <param index="0">
              <value>
                <![CDATA[https://www.demoblaze.com/]]>
              </value>
            </param>
            <param index="1">
              <value>
                <![CDATA[chrome]]>
              </value>
            </param>
          </params>
          <reporter-output>
          </reporter-output>
        </test-method> <!-- browserlaunch -->
        <test-method signature="Login(java.lang.String,java.lang.String)[pri:2, instance:test1.TC0002_LoginTest@5db6b9cd]" started-at="2023-11-14T09:15:12 IST" name="Login" data-provider="getdata" finished-at="2023-11-14T09:15:17 IST" duration-ms="4952" status="PASS">
          <params>
            <param index="0">
              <value>
                <![CDATA[Vignesh12344455555@gmail.com]]>
              </value>
            </param>
            <param index="1">
              <value>
                <![CDATA[Vignesh@123]]>
              </value>
            </param>
          </params>
          <reporter-output>
          </reporter-output>
        </test-method> <!-- Login -->
        <test-method is-config="true" signature="browserclose()[pri:0, instance:test1.TC0002_LoginTest@5db6b9cd]" started-at="2023-11-14T09:15:17 IST" name="browserclose" finished-at="2023-11-14T09:15:17 IST" duration-ms="304" status="PASS">
          <reporter-output>
          </reporter-output>
        </test-method> <!-- browserclose -->
      </class> <!-- test1.TC0002_LoginTest -->
    </test> <!-- LoginTest -->
  </suite> <!-- Suite -->
</testng-results>
