<?xml version="1.0" encoding="UTF-8"?>
<testng-results ignored="0" total="2" passed="2" failed="0" skipped="0">
  <reporter-output>
  </reporter-output>
  <suite started-at="2023-11-13T11:28:53 IST" name="Suite" finished-at="2023-11-13T11:29:13 IST" duration-ms="20031">
    <groups>
    </groups>
    <test started-at="2023-11-13T11:28:53 IST" name="loginTest" finished-at="2023-11-13T11:29:03 IST" duration-ms="9232">
      <class name="test1.TC0001_RegisterTest">
        <test-method is-config="true" signature="setdata()[pri:0, instance:test1.TC0001_RegisterTest@16612a51]" started-at="2023-11-13T11:28:53 IST" name="setdata" finished-at="2023-11-13T11:28:53 IST" duration-ms="22" status="PASS">
          <reporter-output>
          </reporter-output>
        </test-method> <!-- setdata -->
        <test-method is-config="true" signature="browserlaunch(java.lang.String,java.lang.String)[pri:0, instance:test1.TC0001_RegisterTest@16612a51]" started-at="2023-11-13T11:28:55 IST" name="browserlaunch" finished-at="2023-11-13T11:29:01 IST" duration-ms="5779" status="PASS">
          <params>
            <param index="0">
              <value>
                <![CDATA[https://www.demoblaze.com/]]>
              </value>
            </param>
            <param index="1">
              <value>
                <![CDATA[chrome]]>
              </value>
            </param>
          </params>
          <reporter-output>
          </reporter-output>
        </test-method> <!-- browserlaunch -->
        <test-method signature="Register(java.lang.String,java.lang.String)[pri:1, instance:test1.TC0001_RegisterTest@16612a51]" started-at="2023-11-13T11:29:01 IST" name="Register" data-provider="getdata" finished-at="2023-11-13T11:29:02 IST" duration-ms="940" status="PASS">
          <params>
            <param index="0">
              <value>
                <![CDATA[Vignesh123444433567845@gmail.com]]>
              </value>
            </param>
            <param index="1">
              <value>
                <![CDATA[Vignesh@123]]>
              </value>
            </param>
          </params>
          <reporter-output>
          </reporter-output>
        </test-method> <!-- Register -->
        <test-method is-config="true" signature="browserclose()[pri:0, instance:test1.TC0001_RegisterTest@16612a51]" started-at="2023-11-13T11:29:02 IST" name="browserclose" finished-at="2023-11-13T11:29:03 IST" duration-ms="255" status="PASS">
          <reporter-output>
          </reporter-output>
        </test-method> <!-- browserclose -->
      </class> <!-- test1.TC0001_RegisterTest -->
    </test> <!-- loginTest -->
    <test started-at="2023-11-13T11:29:03 IST" name="LoginTest" finished-at="2023-11-13T11:29:13 IST" duration-ms="10259">
      <class name="test1.TC0002_LoginTest">
        <test-method is-config="true" signature="setdata()[pri:0, instance:test1.TC0002_LoginTest@928763c]" started-at="2023-11-13T11:29:03 IST" name="setdata" finished-at="2023-11-13T11:29:03 IST" duration-ms="0" status="PASS">
          <reporter-output>
          </reporter-output>
        </test-method> <!-- setdata -->
        <test-method is-config="true" signature="browserlaunch(java.lang.String,java.lang.String)[pri:0, instance:test1.TC0002_LoginTest@928763c]" started-at="2023-11-13T11:29:03 IST" name="browserlaunch" finished-at="2023-11-13T11:29:07 IST" duration-ms="4160" status="PASS">
          <params>
            <param index="0">
              <value>
                <![CDATA[https://www.demoblaze.com/]]>
              </value>
            </param>
            <param index="1">
              <value>
                <![CDATA[chrome]]>
              </value>
            </param>
          </params>
          <reporter-output>
          </reporter-output>
        </test-method> <!-- browserlaunch -->
        <test-method signature="Login(java.lang.String,java.lang.String)[pri:2, instance:test1.TC0002_LoginTest@928763c]" started-at="2023-11-13T11:29:07 IST" name="Login" data-provider="getdata" finished-at="2023-11-13T11:29:13 IST" duration-ms="5389" status="PASS">
          <params>
            <param index="0">
              <value>
                <![CDATA[Vignesh12344455555@gmail.com]]>
              </value>
            </param>
            <param index="1">
              <value>
                <![CDATA[Vignesh@123]]>
              </value>
            </param>
          </params>
          <reporter-output>
          </reporter-output>
        </test-method> <!-- Login -->
        <test-method is-config="true" signature="browserclose()[pri:0, instance:test1.TC0002_LoginTest@928763c]" started-at="2023-11-13T11:29:13 IST" name="browserclose" finished-at="2023-11-13T11:29:13 IST" duration-ms="154" status="PASS">
          <reporter-output>
          </reporter-output>
        </test-method> <!-- browserclose -->
      </class> <!-- test1.TC0002_LoginTest -->
    </test> <!-- LoginTest -->
  </suite> <!-- Suite -->
</testng-results>
